<?xml version="1.0" encoding="UTF-8"?>
<testsuite xmlns:xsi="http://www.w3.org/2001/XMLSchema-instance" xsi:noNamespaceSchemaLocation="https://maven.apache.org/surefire/maven-surefire-plugin/xsd/surefire-test-report.xsd" name="docdigitales.AppTest" time="8.65" tests="4" errors="0" skipped="0" failures="0">
  <properties>
[...]
</properties>
  <testcase name="descargaExitosaFactura" classname="docdigitales.AppTest" time="5.143"/>
  <testcase name="generaExitosamenteFactura" classname="docdigitales.AppTest" time="1.586"/>
  <testcase name="cancelarExitosamenteFactura" classname="docdigitales.AppTest" time="0.499"/>
  <testcase name="envioExitosoFactura" classname="docdigitales.AppTest" time="1.359"/>
</testsuite>